2024-12-06 11:01:02.666 [AWT-EventQueue-0] INFO  PL.EditorPO - Do you want to delete the selected file?
2024-12-06 11:02:30.776 [AWT-EventQueue-0] INFO  PL.EditorPO - Do you want to delete the selected file?
2024-12-06 11:02:31.754 [AWT-EventQueue-0] WARN  PL.EditorPO - Please select a file to delete.
2024-12-08 17:59:02.807 [AWT-EventQueue-0] INFO  PL.EditorPO - File created successfully!
2024-12-08 17:59:09.369 [AWT-EventQueue-0] INFO  PL.EditorPO - TF-IDF Score for 'bfg' is: -0.6931471805599453
2024-12-08 17:59:11.660 [AWT-EventQueue-0] INFO  PL.EditorPO - TF-IDF Score for 'dfg' is: -0.6931471805599453
2024-12-08 22:18:59.480 [AWT-EventQueue-0] INFO  pl.EditorPO - TF-IDF Score for 'bfg' is: -0.6931471805599453
2024-12-09 02:14:29.019 [AWT-EventQueue-0] INFO  pl.EditorPO - File created successfully!
2024-12-09 02:14:41.013 [Thread-3] INFO  pl.EditorPO - Group_9.pdf failed to upload!
2024-12-09 02:15:31.398 [Thread-5] INFO  pl.EditorPO - n.txt uploaded successfully!
2024-12-09 02:15:36.868 [AWT-EventQueue-0] INFO  pl.EditorPO - Do you want to delete the selected file?
2024-12-09 02:15:38.434 [AWT-EventQueue-0] WARN  pl.EditorPO - Please select a file to delete.
2024-12-09 02:15:41.539 [AWT-EventQueue-0] INFO  pl.EditorPO - Do you want to delete the selected file?
2024-12-09 02:15:42.185 [AWT-EventQueue-0] INFO  pl.EditorPO - File deleted successfully!
2024-12-09 02:15:45.834 [AWT-EventQueue-0] INFO  pl.EditorPO - TF-IDF Score for 'bfg' is: -0.2876820724517809
2024-12-09 02:15:50.570 [AWT-EventQueue-0] INFO  pl.EditorPO - TF-IDF Score for 'kghhj' is: -0.40546510810816444
2024-12-09 17:51:37.626 [main] ERROR pl.EditorPO - GSS-API authentication exception
2024-12-10 21:23:27.012 [AWT-EventQueue-0] INFO  pl.EditorPO - File updated successfully!
2024-12-10 21:23:53.981 [AWT-EventQueue-0] INFO  pl.EditorPO - File updated successfully!
2024-12-10 21:25:27.599 [AWT-EventQueue-0] INFO  pl.EditorPO - Do you want to delete the selected file?
2024-12-10 21:25:40.338 [AWT-EventQueue-0] INFO  pl.EditorPO - TF-IDF Score for 'surah falaq.txt' is: 0.009627044174443686
2024-12-10 21:25:45.280 [AWT-EventQueue-0] INFO  pl.EditorPO - TF-IDF Score for 'quran-simple.txt' is: 0.014417461355646866
2026-02-15 12:29:06.713 [main] ERROR pl.EditorPO - Socket fail to connect to address=(host=localhost)(port=3306)(type=primary). Connection refused
2026-02-15 12:29:26.731 [AWT-EventQueue-0] ERROR pl.EditorPO - Cannot invoke "java.sql.Connection.rollback()" because "this.conn" is null
2026-02-15 12:29:27.880 [AWT-EventQueue-0] INFO  pl.EditorPO - File creation failed!
2026-02-15 17:51:19.826 [main] ERROR pl.EditorPO - (conn=38) Access denied for user 'root'@'localhost'
2026-02-15 17:52:14.276 [AWT-EventQueue-0] ERROR pl.EditorPO - Cannot invoke "java.sql.Connection.rollback()" because "this.conn" is null
2026-02-15 17:52:15.763 [AWT-EventQueue-0] INFO  pl.EditorPO - File creation failed!
2026-02-15 18:39:06.927 [Thread-0] ERROR pl.EditorPO - (conn=43) Table 'text_editor.files' doesn't exist
2026-02-15 18:39:11.883 [AWT-EventQueue-0] ERROR pl.EditorPO - (conn=43) Table 'text_editor.files' doesn't exist
2026-02-15 18:39:13.262 [AWT-EventQueue-0] INFO  pl.EditorPO - File creation failed!
2026-02-15 18:39:13.266 [AWT-EventQueue-0] ERROR pl.EditorPO - (conn=43) Table 'text_editor.files' doesn't exist
2026-02-15 18:39:16.419 [AWT-EventQueue-0] ERROR pl.EditorPO - (conn=43) Table 'text_editor.files' doesn't exist
2026-02-16 00:03:35.383 [Thread-0] ERROR pl.EditorPO - (conn=45) Table 'text_editor.files' doesn't exist
2026-02-16 00:03:52.762 [AWT-EventQueue-0] ERROR pl.EditorPO - (conn=45) Table 'text_editor.files' doesn't exist
2026-02-16 00:03:55.922 [AWT-EventQueue-0] INFO  pl.EditorPO - File creation failed!
2026-02-16 00:03:55.924 [AWT-EventQueue-0] ERROR pl.EditorPO - (conn=45) Table 'text_editor.files' doesn't exist
2026-02-16 00:28:34.675 [AWT-EventQueue-0] ERROR pl.EditorPO - (conn=59) Unknown column 'NaN' in 'VALUES'
2026-02-16 00:28:36.470 [AWT-EventQueue-0] INFO  pl.EditorPO - File creation failed!
2026-02-16 00:34:10.517 [AWT-EventQueue-0] ERROR pl.EditorPO - (conn=60) Unknown column 'NaN' in 'VALUES'
2026-02-16 00:34:43.600 [AWT-EventQueue-0] INFO  pl.EditorPO - File creation failed!
2026-02-16 08:52:16.471 [AWT-EventQueue-0] INFO  pl.EditorPO - File created successfully!
2026-02-16 08:52:44.310 [Thread-0] ERROR pl.EditorPO - (conn=61) Unknown column 'NaN' in 'VALUES'
2026-02-16 08:52:45.709 [Thread-0] INFO  pl.EditorPO - fyp.txt failed to upload!
2026-02-16 09:02:08.494 [Thread-0] INFO  pl.EditorPO - fyp.txt uploaded successfully!
2026-02-16 09:02:21.851 [AWT-EventQueue-0] INFO  pl.EditorPO - Do you want to delete the selected file?
2026-02-16 09:02:26.478 [AWT-EventQueue-0] INFO  pl.EditorPO - Do you want to delete the selected file?
2026-02-16 09:02:26.482 [AWT-EventQueue-0] ERROR pl.EditorPO - (conn=62) Table 'text_editor.FILES' doesn't exist
2026-02-16 09:02:28.300 [AWT-EventQueue-0] INFO  pl.EditorPO - Failed to delete the selected file.
2026-02-16 09:06:46.597 [AWT-EventQueue-0] INFO  pl.EditorPO - File created successfully!
2026-02-16 09:06:51.434 [AWT-EventQueue-0] INFO  pl.EditorPO - Do you want to delete the selected file?
2026-02-16 09:06:52.915 [AWT-EventQueue-0] WARN  pl.EditorPO - Please select a file to delete.
2026-02-16 09:07:04.067 [AWT-EventQueue-0] INFO  pl.EditorPO - Do you want to delete the selected file?
2026-02-16 09:07:04.071 [AWT-EventQueue-0] ERROR pl.EditorPO - (conn=63) Table 'text_editor.FILES' doesn't exist
2026-02-16 09:12:01.251 [AWT-EventQueue-0] ERROR pl.EditorPO - Could not Search, Please Enter at least 3 letter to search
2026-02-16 09:12:06.258 [AWT-EventQueue-0] INFO  pl.EditorPO - File created successfully!
2026-02-16 09:12:10.838 [AWT-EventQueue-0] INFO  pl.EditorPO - Do you want to delete the selected file?
2026-02-16 09:12:11.931 [AWT-EventQueue-0] INFO  pl.EditorPO - File deleted successfully!
2026-02-16 09:12:17.049 [AWT-EventQueue-0] INFO  pl.EditorPO - TF-IDF Score for 'sdf' is: 0.0
2026-02-16 09:12:21.490 [AWT-EventQueue-0] ERROR pl.EditorPO - Could not Search, Please Enter at least 3 letter to search
2026-02-16 09:12:24.736 [AWT-EventQueue-0] ERROR pl.EditorPO - Could not Search, Please Enter at least 3 letter to search
2026-02-16 09:12:32.336 [AWT-EventQueue-0] INFO  pl.EditorPO - No files found while searching.
2026-02-16 09:12:42.556 [AWT-EventQueue-0] INFO  pl.EditorPO - No files found while searching.
2026-02-16 09:13:16.611 [AWT-EventQueue-0] INFO  pl.EditorPO - Failed to delete the selected file.
2026-02-16 09:13:30.852 [AWT-EventQueue-0] INFO  pl.EditorPO - File created successfully!
2026-02-16 09:15:19.188 [AWT-EventQueue-0] INFO  pl.EditorPO - TF-IDF Score for 'sdf' is: 0.0
